Vivado Simulator 2019.1
Time resolution is 1 ps

Start test: 

==========================
CLICK THE BUTTON 'Run All'
==========================

$stop called at time : 0 fs : File "C:/Users/pwnies/Downloads/tb_decoder_riscv.sv" Line 203
Output 'illegal_instr_o' is incorrect(   0  instead of 1    ), instruction: 1000000 10011 11110 000 00000 0110011 (  illegal_OP  ), time: 178.00 ns
Output 'illegal_instr_o' is incorrect(   0  instead of 1    ), instruction: 1000000 01111 10111 101 00000 0110011 (  illegal_OP  ), time: 358.00 ns
Output 'illegal_instr_o' is incorrect(   0  instead of 1    ), instruction: 1000000 11001 01010 101 00000 0110011 (  illegal_OP  ), time: 710.00 ns
Output 'illegal_instr_o' is incorrect(   0  instead of 1    ), instruction: 1000000 10011 11011 101 00000 0110011 (  illegal_OP  ), time: 774.00 ns
Output 'illegal_instr_o' is incorrect(   0  instead of 1    ), instruction: 1000000 10100 01100 101 00000 0110011 (  illegal_OP  ), time: 806.00 ns
Output 'illegal_instr_o' is incorrect(   0  instead of 1    ), instruction: 1000000 00001 11101 101 00000 0110011 (  illegal_OP  ), time: 838.00 ns
Output 'illegal_instr_o' is incorrect(   0  instead of 1    ), instruction: 1000000 11111 01100 101 00000 0110011 (  illegal_OP  ), time: 870.00 ns
Output 'illegal_instr_o' is incorrect(   0  instead of 1    ), instruction: 000000001000 00000 000 00000 1110011  (illegal_SYSTEM), time: 886.00 ns
Output 'illegal_instr_o' is incorrect(   0  instead of 1    ), instruction: 000000000000 01000 000 00000 1110011  (illegal_SYSTEM), time: 910.00 ns
Output 'illegal_instr_o' is incorrect(   0  instead of 1    ), instruction: 000000000000 00000 000 01000 1110011  (illegal_SYSTEM), time: 918.00 ns
Output 'illegal_instr_o' is incorrect(   0  instead of 1    ), instruction: 000000010000 00000 000 00000 1110011  (illegal_SYSTEM), time: 962.00 ns
Output 'illegal_instr_o' is incorrect(   0  instead of 1    ), instruction: 000000000000 00000 000 00001 1110011  (illegal_SYSTEM), time: 970.00 ns
Output 'illegal_instr_o' is incorrect(   0  instead of 1    ), instruction: 000000010000 00000 000 00000 1110011  (illegal_SYSTEM), time: 974.00 ns
Output 'illegal_instr_o' is incorrect(   0  instead of 1    ), instruction: 000000000000 00000 000 00100 1110011  (illegal_SYSTEM), time: 978.00 ns
Output 'illegal_instr_o' is incorrect(   0  instead of 1    ), instruction: 000000000000 00100 000 00000 1110011  (illegal_SYSTEM), time: 982.00 ns
Output 'illegal_instr_o' is incorrect(   0  instead of 1    ), instruction: 000000000000 00000 000 10000 1110011  (illegal_SYSTEM), time: 986.00 ns
Output 'illegal_instr_o' is incorrect(   0  instead of 1    ), instruction: 000000000000 00000 000 00001 1110011  (illegal_SYSTEM), time: 998.00 ns
Output 'illegal_instr_o' is incorrect(   0  instead of 1    ), instruction: 000000001000 00000 000 00000 1110011  (illegal_SYSTEM), time: 1006.00 ns
Output 'illegal_instr_o' is incorrect(   0  instead of 1    ), instruction: 000000000000 01000 000 00000 1110011  (illegal_SYSTEM), time: 1010.00 ns
Output 'illegal_instr_o' is incorrect(   0  instead of 1    ), instruction: 000000000000 00010 000 00000 1110011  (illegal_SYSTEM), time: 1030.00 ns
Output 'illegal_instr_o' is incorrect(   0  instead of 1    ), instruction: 000001000000 00000 000 00000 1110011  (illegal_SYSTEM), time: 1070.00 ns
Output 'illegal_instr_o' is incorrect(   0  instead of 1    ), instruction: 000000000000 00010 000 00000 1110011  (illegal_SYSTEM), time: 1074.00 ns
Output 'illegal_instr_o' is incorrect(   0  instead of 1    ), instruction: 000000000000 00000 000 00001 1110011  (illegal_SYSTEM), time: 1078.00 ns
Output 'illegal_instr_o' is incorrect(   0  instead of 1    ), instruction: 000000000010 00000 000 00000 1110011  (illegal_SYSTEM), time: 1082.00 ns
Output 'illegal_instr_o' is incorrect(   0  instead of 1    ), instruction: 000000000000 00001 000 00000 1110011  (illegal_SYSTEM), time: 1094.00 ns
Output 'illegal_instr_o' is incorrect(   0  instead of 1    ), instruction: 000001000000 00000 000 00000 1110011  (illegal_SYSTEM), time: 1106.00 ns
Output 'illegal_instr_o' is incorrect(   0  instead of 1    ), instruction: 000000000000 00000 000 00001 1110011  (illegal_SYSTEM), time: 1122.00 ns
Output 'illegal_instr_o' is incorrect(   0  instead of 1    ), instruction: 000000000000 00000 000 00010 1110011  (illegal_SYSTEM), time: 1146.00 ns
Output 'illegal_instr_o' is incorrect(   0  instead of 1    ), instruction: 000000000000 00010 000 00000 1110011  (illegal_SYSTEM), time: 1158.00 ns
Output 'illegal_instr_o' is incorrect(   0  instead of 1    ), instruction: 000000010000 00000 000 00000 1110011  (illegal_SYSTEM), time: 1170.00 ns
Output 'illegal_instr_o' is incorrect(   0  instead of 1    ), instruction: 000000000000 00000 000 00001 1110011  (illegal_SYSTEM), time: 1182.00 ns
Output 'illegal_instr_o' is incorrect(   0  instead of 1    ), instruction: 000001000000 00000 000 00000 1110011  (illegal_SYSTEM), time: 1198.00 ns
Output 'illegal_instr_o' is incorrect(   0  instead of 1    ), instruction: 000000001000 00000 000 00000 1110011  (illegal_SYSTEM), time: 1202.00 ns
Output 'illegal_instr_o' is incorrect(   0  instead of 1    ), instruction: 000000000000 00000 000 01000 1110011  (illegal_SYSTEM), time: 1222.00 ns
Output 'illegal_instr_o' is incorrect(   0  instead of 1    ), instruction: 000000000100 00000 000 00000 1110011  (illegal_SYSTEM), time: 1238.00 ns
Output 'illegal_instr_o' is incorrect(   0  instead of 1    ), instruction: 000000000000 01000 000 00000 1110011  (illegal_SYSTEM), time: 1266.00 ns
Output 'illegal_instr_o' is incorrect(   0  instead of 1    ), instruction: 000000000000 00001 000 00000 1110011  (illegal_SYSTEM), time: 1270.00 ns
Output 'illegal_instr_o' is incorrect(   0  instead of 1    ), instruction: 000000000000 00000 000 00001 1110011  (illegal_SYSTEM), time: 1302.00 ns
Output 'illegal_instr_o' is incorrect(   0  instead of 1    ), instruction: 000000000000 00000 000 00010 1110011  (illegal_SYSTEM), time: 1310.00 ns
Output 'illegal_instr_o' is incorrect(   0  instead of 1    ), instruction: 000000000000 00010 000 00000 1110011  (illegal_SYSTEM), time: 1314.00 ns
Output 'illegal_instr_o' is incorrect(   0  instead of 1    ), instruction: 000001000000 00000 000 00000 1110011  (illegal_SYSTEM), time: 1326.00 ns
Output 'illegal_instr_o' is incorrect(   0  instead of 1    ), instruction: 000000000000 00000 000 00100 1110011  (illegal_SYSTEM), time: 1358.00 ns
Output 'illegal_instr_o' is incorrect(   0  instead of 1    ), instruction: 000000000010 00000 000 00000 1110011  (illegal_SYSTEM), time: 1378.00 ns
Output 'illegal_instr_o' is incorrect(   0  instead of 1    ), instruction: 000000000000 00000 000 00010 1110011  (illegal_SYSTEM), time: 1390.00 ns
Output 'illegal_instr_o' is incorrect(   0  instead of 1    ), instruction: 000000000000 00000 000 00001 1110011  (illegal_SYSTEM), time: 1394.00 ns
Output 'illegal_instr_o' is incorrect(   0  instead of 1    ), instruction: 000001000000 00000 000 00000 1110011  (illegal_SYSTEM), time: 1410.00 ns
Output 'illegal_instr_o' is incorrect(   0  instead of 1    ), instruction: 000000000000 00000 000 00010 1110011  (illegal_SYSTEM), time: 1418.00 ns
Output 'illegal_instr_o' is incorrect(   0  instead of 1    ), instruction: 000000000000 01000 000 00000 1110011  (illegal_SYSTEM), time: 1434.00 ns
Output 'illegal_instr_o' is incorrect(   0  instead of 1    ), instruction: 000000010000 00000 000 00000 1110011  (illegal_SYSTEM), time: 1442.00 ns
Output 'illegal_instr_o' is incorrect(   0  instead of 1    ), instruction: 000000000000 00000 000 10000 1110011  (illegal_SYSTEM), time: 1450.00 ns
Output 'illegal_instr_o' is incorrect(   0  instead of 1    ), instruction: 000000010000 00000 000 00000 1110011  (illegal_SYSTEM), time: 1458.00 ns
Output 'illegal_instr_o' is incorrect(   0  instead of 1    ), instruction: 000000000000 10000 000 00000 1110011  (illegal_SYSTEM), time: 1462.00 ns
Output 'illegal_instr_o' is incorrect(   0  instead of 1    ), instruction: 000000000000 00000 000 00001 1110011  (illegal_SYSTEM), time: 1478.00 ns
Output 'illegal_instr_o' is incorrect(   0  instead of 1    ), instruction: 000000000000 00000 000 10000 1110011  (illegal_SYSTEM), time: 1490.00 ns
Output 'illegal_instr_o' is incorrect(   0  instead of 1    ), instruction: 000000000000 00000 000 00100 1110011  (illegal_SYSTEM), time: 1510.00 ns
Output 'illegal_instr_o' is incorrect(   0  instead of 1    ), instruction: 000000000000 00100 000 00000 1110011  (illegal_SYSTEM), time: 1530.00 ns
Output 'illegal_instr_o' is incorrect(   0  instead of 1    ), instruction: 000000000000 00000 000 00100 1110011  (illegal_SYSTEM), time: 1538.00 ns
Output 'illegal_instr_o' is incorrect(   0  instead of 1    ), instruction: 000000000010 00000 000 00000 1110011  (illegal_SYSTEM), time: 1550.00 ns
Output 'illegal_instr_o' is incorrect(   0  instead of 1    ), instruction: 000000000000 00000 000 10000 1110011  (illegal_SYSTEM), time: 1574.00 ns
Output 'illegal_instr_o' is incorrect(   0  instead of 1    ), instruction: 000000000000 00000 000 00001 1110011  (illegal_SYSTEM), time: 1590.00 ns
Output 'illegal_instr_o' is incorrect(   0  instead of 1    ), instruction: 000000000000 00000 000 00100 1110011  (illegal_SYSTEM), time: 1610.00 ns
Output 'illegal_instr_o' is incorrect(   0  instead of 1    ), instruction: 000000000000 00000 000 00001 1110011  (illegal_SYSTEM), time: 1638.00 ns
Output 'illegal_instr_o' is incorrect(   0  instead of 1    ), instruction: 000000000000 10000 000 00000 1110011  (illegal_SYSTEM), time: 1642.00 ns
Output 'illegal_instr_o' is incorrect(   0  instead of 1    ), instruction: 000000000000 00001 000 00000 1110011  (illegal_SYSTEM), time: 1646.00 ns
Output 'illegal_instr_o' is incorrect(   0  instead of 1    ), instruction: 000000001000 00000 000 00000 1110011  (illegal_SYSTEM), time: 1650.00 ns
Output 'illegal_instr_o' is incorrect(   0  instead of 1    ), instruction: 000000010000 00000 000 00000 1110011  (illegal_SYSTEM), time: 1654.00 ns
Output 'illegal_instr_o' is incorrect(   0  instead of 1    ), instruction: 000000000010 00000 000 00000 1110011  (illegal_SYSTEM), time: 1662.00 ns
Output 'illegal_instr_o' is incorrect(   0  instead of 1    ), instruction: 000000000000 00000 000 00001 1110011  (illegal_SYSTEM), time: 1666.00 ns
Output 'illegal_instr_o' is incorrect(   0  instead of 1    ), instruction: 000000010000 00000 000 00000 1110011  (illegal_SYSTEM), time: 1670.00 ns
Output 'illegal_instr_o' is incorrect(   0  instead of 1    ), instruction: 000000000000 00000 000 00010 1110011  (illegal_SYSTEM), time: 1674.00 ns
Output 'illegal_instr_o' is incorrect(   0  instead of 1    ), instruction: 000000000000 00010 000 00000 1110011  (illegal_SYSTEM), time: 1678.00 ns
Output 'illegal_instr_o' is incorrect(   1  instead of 0    ), instruction: 010000110100 01000 110 00101 0010011  (     ORI      ), time: 4882.00 ns
Output 'illegal_instr_o' is incorrect(   1  instead of 0    ), instruction: 011010101010 01100 100 00001 0010011  (     XORI     ), time: 4886.00 ns
Output 'illegal_instr_o' is incorrect(   1  instead of 0    ), instruction: 011100010101 01100 000 10101 0010011  (     ADDI     ), time: 4890.00 ns
Output 'illegal_instr_o' is incorrect(   1  instead of 0    ), instruction: 111100010111 11111 110 01011 0010011  (     ORI      ), time: 4894.00 ns
Output 'illegal_instr_o' is incorrect(   1  instead of 0    ), instruction: 011110100010 00010 111 10101 0010011  (     ANDI     ), time: 4906.00 ns
Output 'illegal_instr_o' is incorrect(   1  instead of 0    ), instruction: 101100110000 10111 010 00110 0010011  (     SLTI     ), time: 4914.00 ns
Output 'illegal_instr_o' is incorrect(   1  instead of 0    ), instruction: 100100000101 11100 111 01110 0010011  (     ANDI     ), time: 4922.00 ns
Output 'illegal_instr_o' is incorrect(   1  instead of 0    ), instruction: 110110100110 00001 100 10011 0010011  (     XORI     ), time: 4926.00 ns
Output 'illegal_instr_o' is incorrect(   1  instead of 0    ), instruction: 001110001000 00010 111 00100 0010011  (     ANDI     ), time: 4930.00 ns
Output 'illegal_instr_o' is incorrect(   1  instead of 0    ), instruction: 001010110000 11100 110 00100 0010011  (     ORI      ), time: 4934.00 ns
Output 'illegal_instr_o' is incorrect(   1  instead of 0    ), instruction: 101001001001 00100 011 10010 0010011  (    SLTIU     ), time: 4938.00 ns
Output 'illegal_instr_o' is incorrect(   1  instead of 0    ), instruction: 100100001001 11011 011 10010 0010011  (    SLTIU     ), time: 4942.00 ns
Output 'illegal_instr_o' is incorrect(   1  instead of 0    ), instruction: 011100001101 01010 010 10001 0010011  (     SLTI     ), time: 4946.00 ns
Output 'illegal_instr_o' is incorrect(   1  instead of 0    ), instruction: 110000111101 11010 100 10111 0010011  (     XORI     ), time: 4962.00 ns
Output 'illegal_instr_o' is incorrect(   1  instead of 0    ), instruction: 110101001001 01110 010 10111 0010011  (     SLTI     ), time: 4974.00 ns
Output 'illegal_instr_o' is incorrect(   1  instead of 0    ), instruction: 100011011101 00001 011 10110 0010011  (    SLTIU     ), time: 4978.00 ns
Output 'illegal_instr_o' is incorrect(   1  instead of 0    ), instruction: 001111001101 01100 000 00000 0010011  (     ADDI     ), time: 4986.00 ns
Output 'illegal_instr_o' is incorrect(   1  instead of 0    ), instruction: 111001000101 00000 011 10011 0010011  (    SLTIU     ), time: 4990.00 ns
Output 'illegal_instr_o' is incorrect(   1  instead of 0    ), instruction: 100111101100 11011 011 10010 0010011  (    SLTIU     ), time: 4998.00 ns
Output 'illegal_instr_o' is incorrect(   1  instead of 0    ), instruction: 101110111010 00110 000 11110 0010011  (     ADDI     ), time: 5002.00 ns
Output 'illegal_instr_o' is incorrect(   1  instead of 0    ), instruction: 010000101111 10011 011 01101 0010011  (    SLTIU     ), time: 5006.00 ns
Output 'illegal_instr_o' is incorrect(   1  instead of 0    ), instruction: 011000010010 11001 110 01101 0010011  (     ORI      ), time: 5010.00 ns
Output 'illegal_instr_o' is incorrect(   1  instead of 0    ), instruction: 010110000000 01011 111 11101 0010011  (     ANDI     ), time: 5014.00 ns
Output 'illegal_instr_o' is incorrect(   1  instead of 0    ), instruction: 110000011010 01101 110 10111 0010011  (     ORI      ), time: 5018.00 ns
Output 'illegal_instr_o' is incorrect(   1  instead of 0    ), instruction: 111111010011 11111 000 11011 0010011  (     ADDI     ), time: 5022.00 ns
Output 'illegal_instr_o' is incorrect(   1  instead of 0    ), instruction: 101011101110 00101 110 01110 0010011  (     ORI      ), time: 5026.00 ns
Output 'illegal_instr_o' is incorrect(   1  instead of 0    ), instruction: 100000101100 01011 100 10110 0010011  (     XORI     ), time: 5030.00 ns
Output 'illegal_instr_o' is incorrect(   1  instead of 0    ), instruction: 100001011010 01000 110 01010 0010011  (     ORI      ), time: 5034.00 ns
Output 'illegal_instr_o' is incorrect(   1  instead of 0    ), instruction: 111111011011 00101 100 00111 0010011  (     XORI     ), time: 5038.00 ns
Output 'illegal_instr_o' is incorrect(   1  instead of 0    ), instruction: 111110001110 10100 111 10011 0010011  (     ANDI     ), time: 5058.00 ns
Output 'illegal_instr_o' is incorrect(   1  instead of 0    ), instruction: 110001101011 10011 100 00011 0010011  (     XORI     ), time: 5062.00 ns
Output 'illegal_instr_o' is incorrect(   1  instead of 0    ), instruction: 000111000000 10011 011 01100 0010011  (    SLTIU     ), time: 5078.00 ns
Output 'illegal_instr_o' is incorrect(   1  instead of 0    ), instruction: 100100111011 11001 100 11010 0010011  (     XORI     ), time: 5086.00 ns
Output 'illegal_instr_o' is incorrect(   1  instead of 0    ), instruction: 100000011000 11001 100 00010 0010011  (     XORI     ), time: 5090.00 ns
Output 'illegal_instr_o' is incorrect(   1  instead of 0    ), instruction: 011101110001 10011 100 11101 0010011  (     XORI     ), time: 5094.00 ns
Output 'illegal_instr_o' is incorrect(   1  instead of 0    ), instruction: 001001010000 01111 111 11100 0010011  (     ANDI     ), time: 5098.00 ns
Output 'illegal_instr_o' is incorrect(   1  instead of 0    ), instruction: 111101011110 10100 110 11111 0010011  (     ORI      ), time: 5102.00 ns
Output 'illegal_instr_o' is incorrect(   1  instead of 0    ), instruction: 011000110110 10100 110 11001 0010011  (     ORI      ), time: 5106.00 ns
Output 'illegal_instr_o' is incorrect(   1  instead of 0    ), instruction: 001011000010 10000 000 01100 0010011  (     ADDI     ), time: 5110.00 ns
Output 'illegal_instr_o' is incorrect(   1  instead of 0    ), instruction: 000001001010 10001 110 00000 0010011  (     ORI      ), time: 5114.00 ns
Output 'illegal_instr_o' is incorrect(   1  instead of 0    ), instruction: 001111010010 10100 010 11100 0010011  (     SLTI     ), time: 5118.00 ns
Output 'illegal_instr_o' is incorrect(   1  instead of 0    ), instruction: 011111001111 10001 100 00001 0010011  (     XORI     ), time: 5122.00 ns
Output 'illegal_instr_o' is incorrect(   1  instead of 0    ), instruction: 110011100101 01000 010 01111 0010011  (     SLTI     ), time: 5126.00 ns
Output 'illegal_instr_o' is incorrect(   1  instead of 0    ), instruction: 001100000010 11000 100 01000 0010011  (     XORI     ), time: 5138.00 ns
Output 'illegal_instr_o' is incorrect(   1  instead of 0    ), instruction: 010011011001 10111 111 11001 0010011  (     ANDI     ), time: 5142.00 ns
Output 'illegal_instr_o' is incorrect(   1  instead of 0    ), instruction: 001010011111 01111 000 11000 0010011  (     ADDI     ), time: 5150.00 ns
Output 'illegal_instr_o' is incorrect(   1  instead of 0    ), instruction: 110001010101 11011 000 11111 0010011  (     ADDI     ), time: 5154.00 ns
Output 'illegal_instr_o' is incorrect(   1  instead of 0    ), instruction: 111101001101 10111 011 01011 0010011  (    SLTIU     ), time: 5158.00 ns
Output 'illegal_instr_o' is incorrect(   1  instead of 0    ), instruction: 011001110111 11110 011 11101 0010011  (    SLTIU     ), time: 5162.00 ns
Output 'illegal_instr_o' is incorrect(   1  instead of 0    ), instruction: 101001001100 00011 100 10110 0010011  (     XORI     ), time: 5166.00 ns
Output 'illegal_instr_o' is incorrect(   1  instead of 0    ), instruction: 110000010100 00000 000 01011 0010011  (     ADDI     ), time: 5170.00 ns
Output 'illegal_instr_o' is incorrect(   1  instead of 0    ), instruction: 010001111101 00011 000 10001 0010011  (     ADDI     ), time: 5174.00 ns
Output 'illegal_instr_o' is incorrect(   1  instead of 0    ), instruction: 111110110000 00010 100 01111 0010011  (     XORI     ), time: 5178.00 ns
Output 'illegal_instr_o' is incorrect(   1  instead of 0    ), instruction: 100110101110 10111 000 01010 0010011  (     ADDI     ), time: 5186.00 ns
Output 'illegal_instr_o' is incorrect(   1  instead of 0    ), instruction: 110000010001 11010 011 11011 0010011  (    SLTIU     ), time: 5190.00 ns
Output 'illegal_instr_o' is incorrect(   1  instead of 0    ), instruction: 011101000011 11110 110 00101 0010011  (     ORI      ), time: 5198.00 ns
Output 'illegal_instr_o' is incorrect(   1  instead of 0    ), instruction: 110100011101 01010 111 11111 0010011  (     ANDI     ), time: 5202.00 ns
Output 'illegal_instr_o' is incorrect(   1  instead of 0    ), instruction: 011100000011 10110 010 11101 0010011  (     SLTI     ), time: 5206.00 ns
Output 'illegal_instr_o' is incorrect(   1  instead of 0    ), instruction: 100100111111 00110 110 01010 0010011  (     ORI      ), time: 5210.00 ns
Output 'illegal_instr_o' is incorrect(   1  instead of 0    ), instruction: 110011110111 00001 110 10111 0010011  (     ORI      ), time: 5214.00 ns
Output 'illegal_instr_o' is incorrect(   1  instead of 0    ), instruction: 011101111000 10101 110 11101 0010011  (     ORI      ), time: 5222.00 ns
Output 'illegal_instr_o' is incorrect(   1  instead of 0    ), instruction: 101100101000 11011 000 11010 0010011  (     ADDI     ), time: 5226.00 ns
Output 'illegal_instr_o' is incorrect(   1  instead of 0    ), instruction: 110100011011 01010 111 01011 0010011  (     ANDI     ), time: 5230.00 ns
Output 'illegal_instr_o' is incorrect(   1  instead of 0    ), instruction: 101000110001 11001 110 10010 0010011  (     ORI      ), time: 5234.00 ns
Output 'illegal_instr_o' is incorrect(   1  instead of 0    ), instruction: 110110100101 00011 000 10011 0010011  (     ADDI     ), time: 5242.00 ns
Output 'illegal_instr_o' is incorrect(   1  instead of 0    ), instruction: 011011000100 01010 000 11101 0010011  (     ADDI     ), time: 5250.00 ns
Output 'illegal_instr_o' is incorrect(   1  instead of 0    ), instruction: 100010101001 01000 110 10110 0010011  (     ORI      ), time: 5254.00 ns
Output 'illegal_instr_o' is incorrect(   1  instead of 0    ), instruction: 100000110100 01011 111 10010 0010011  (     ANDI     ), time: 5258.00 ns
Output 'illegal_instr_o' is incorrect(   1  instead of 0    ), instruction: 101100010001 00110 100 01110 0010011  (     XORI     ), time: 5262.00 ns
Output 'illegal_instr_o' is incorrect(   1  instead of 0    ), instruction: 101111000100 01000 100 10010 0010011  (     XORI     ), time: 5266.00 ns
Output 'illegal_instr_o' is incorrect(   1  instead of 0    ), instruction: 111001110110 10010 111 10111 0010011  (     ANDI     ), time: 5270.00 ns
Output 'illegal_instr_o' is incorrect(   1  instead of 0    ), instruction: 100101001100 11010 111 01110 0010011  (     ANDI     ), time: 5274.00 ns
Output 'illegal_instr_o' is incorrect(   1  instead of 0    ), instruction: 011100111010 01110 010 00101 0010011  (     SLTI     ), time: 5278.00 ns
Output 'illegal_instr_o' is incorrect(   1  instead of 0    ), instruction: 101001100111 00001 111 11110 0010011  (     ANDI     ), time: 5282.00 ns
Output 'illegal_instr_o' is incorrect(   1  instead of 0    ), instruction: 010110101010 10000 011 01101 0010011  (    SLTIU     ), time: 5286.00 ns
Output 'illegal_instr_o' is incorrect(   1  instead of 0    ), instruction: 001001000100 10000 000 00100 0010011  (     ADDI     ), time: 5294.00 ns
Output 'illegal_instr_o' is incorrect(   1  instead of 0    ), instruction: 011001110000 11100 010 11001 0010011  (     SLTI     ), time: 5302.00 ns
Output 'illegal_instr_o' is incorrect(   1  instead of 0    ), instruction: 100000000001 01110 111 00110 0010011  (     ANDI     ), time: 5306.00 ns
Output 'illegal_instr_o' is incorrect(   1  instead of 0    ), instruction: 010001110110 00100 100 01101 0010011  (     XORI     ), time: 5310.00 ns
Output 'illegal_instr_o' is incorrect(   1  instead of 0    ), instruction: 011010101000 01001 000 00101 0010011  (     ADDI     ), time: 5314.00 ns
Output 'illegal_instr_o' is incorrect(   1  instead of 0    ), instruction: 110010111000 01001 110 01111 0010011  (     ORI      ), time: 5322.00 ns
Output 'illegal_instr_o' is incorrect(   1  instead of 0    ), instruction: 000110110100 01000 010 01100 0010011  (     SLTI     ), time: 5326.00 ns
Output 'illegal_instr_o' is incorrect(   1  instead of 0    ), instruction: 110000001111 10011 110 01011 0010011  (     ORI      ), time: 5330.00 ns
Output 'illegal_instr_o' is incorrect(   1  instead of 0    ), instruction: 000011101101 11101 000 11000 0010011  (     ADDI     ), time: 5338.00 ns
Output 'illegal_instr_o' is incorrect(   1  instead of 0    ), instruction: 111001100001 11000 111 00011 0010011  (     ANDI     ), time: 5342.00 ns
Output 'illegal_instr_o' is incorrect(   1  instead of 0    ), instruction: 001101101011 00111 011 01100 0010011  (    SLTIU     ), time: 5346.00 ns
Output 'illegal_instr_o' is incorrect(   1  instead of 0    ), instruction: 110110011011 01000 000 01111 0010011  (     ADDI     ), time: 5350.00 ns
Output 'illegal_instr_o' is incorrect(   1  instead of 0    ), instruction: 110110000110 11001 010 11011 0010011  (     SLTI     ), time: 5354.00 ns
Output 'illegal_instr_o' is incorrect(   1  instead of 0    ), instruction: 001000111111 10001 110 10000 0010011  (     ORI      ), time: 5358.00 ns
Output 'illegal_instr_o' is incorrect(   1  instead of 0    ), instruction: 111100011010 00010 100 10111 0010011  (     XORI     ), time: 5366.00 ns
Output 'illegal_instr_o' is incorrect(   1  instead of 0    ), instruction: 100101001100 01100 111 01110 0010011  (     ANDI     ), time: 5374.00 ns
Output 'illegal_instr_o' is incorrect(   1  instead of 0    ), instruction: 101011111000 10111 011 10010 0010011  (    SLTIU     ), time: 5382.00 ns
Output 'illegal_instr_o' is incorrect(   1  instead of 0    ), instruction: 001010100101 00111 000 00100 0010011  (     ADDI     ), time: 5390.00 ns
Output 'illegal_instr_o' is incorrect(   1  instead of 0    ), instruction: 111011111010 01011 011 00011 0010011  (    SLTIU     ), time: 5402.00 ns
Output 'illegal_instr_o' is incorrect(   1  instead of 0    ), instruction: 110101100100 11110 000 11111 0010011  (     ADDI     ), time: 5406.00 ns
Output 'illegal_instr_o' is incorrect(   1  instead of 0    ), instruction: 000111100001 10111 110 11100 0010011  (     ORI      ), time: 5410.00 ns
Output 'illegal_instr_o' is incorrect(   1  instead of 0    ), instruction: 000100000010 11100 000 10100 0010011  (     ADDI     ), time: 5414.00 ns
Output 'illegal_instr_o' is incorrect(   1  instead of 0    ), instruction: 001110000100 01100 111 00100 0010011  (     ANDI     ), time: 5422.00 ns
Output 'illegal_instr_o' is incorrect(   1  instead of 0    ), instruction: 100011111101 01001 110 01110 0010011  (     ORI      ), time: 5426.00 ns
Output 'illegal_instr_o' is incorrect(   1  instead of 0    ), instruction: 101100111011 01100 010 11010 0010011  (     SLTI     ), time: 5442.00 ns
Output 'illegal_instr_o' is incorrect(   1  instead of 0    ), instruction: 010000100000 11000 000 01101 0010011  (     ADDI     ), time: 5446.00 ns
Output 'illegal_instr_o' is incorrect(   1  instead of 0    ), instruction: 101100001000 01010 000 00110 0010011  (     ADDI     ), time: 5450.00 ns
Output 'illegal_instr_o' is incorrect(   1  instead of 0    ), instruction: 001101011100 00011 010 10100 0010011  (     SLTI     ), time: 5454.00 ns
Output 'illegal_instr_o' is incorrect(   1  instead of 0    ), instruction: 001111110011 01010 110 11100 0010011  (     ORI      ), time: 5458.00 ns
Output 'illegal_instr_o' is incorrect(   1  instead of 0    ), instruction: 100001001010 00101 011 11010 0010011  (    SLTIU     ), time: 5466.00 ns
Output 'illegal_instr_o' is incorrect(   1  instead of 0    ), instruction: 110001100010 10100 010 01011 0010011  (     SLTI     ), time: 5474.00 ns
Output 'illegal_instr_o' is incorrect(   1  instead of 0    ), instruction: 111110011001 01011 000 00111 0010011  (     ADDI     ), time: 5478.00 ns
Output 'illegal_instr_o' is incorrect(   1  instead of 0    ), instruction: 010000101010 00110 010 11001 0010011  (     SLTI     ), time: 5482.00 ns
Output 'illegal_instr_o' is incorrect(   1  instead of 0    ), instruction: 101010001011 00111 010 11110 0010011  (     SLTI     ), time: 5486.00 ns
Output 'illegal_instr_o' is incorrect(   1  instead of 0    ), instruction: 100100001100 10001 110 10110 0010011  (     ORI      ), time: 5490.00 ns
Output 'illegal_instr_o' is incorrect(   1  instead of 0    ), instruction: 110111100011 00011 000 11011 0010011  (     ADDI     ), time: 5494.00 ns
Output 'illegal_instr_o' is incorrect(   1  instead of 0    ), instruction: 010111110010 11010 111 00101 0010011  (     ANDI     ), time: 5498.00 ns
Output 'illegal_instr_o' is incorrect(   1  instead of 0    ), instruction: 100010111000 10001 110 01010 0010011  (     ORI      ), time: 5502.00 ns
Output 'illegal_instr_o' is incorrect(   1  instead of 0    ), instruction: 110100011010 01111 010 11011 0010011  (     SLTI     ), time: 5506.00 ns
Output 'illegal_instr_o' is incorrect(   1  instead of 0    ), instruction: 000110010011 10101 010 01000 0010011  (     SLTI     ), time: 5510.00 ns
Output 'illegal_instr_o' is incorrect(   1  instead of 0    ), instruction: 000110000100 01101 000 00000 0010011  (     ADDI     ), time: 5514.00 ns
Output 'illegal_instr_o' is incorrect(   1  instead of 0    ), instruction: 011101010000 11001 010 10001 0010011  (     SLTI     ), time: 5518.00 ns
Output 'illegal_instr_o' is incorrect(   1  instead of 0    ), instruction: 001110111011 11010 011 11100 0010011  (    SLTIU     ), time: 5522.00 ns
Output 'illegal_instr_o' is incorrect(   1  instead of 0    ), instruction: 011101111010 11101 000 11101 0010011  (     ADDI     ), time: 5526.00 ns
Output 'illegal_instr_o' is incorrect(   1  instead of 0    ), instruction: 011110110101 01011 111 10001 0010011  (     ANDI     ), time: 5530.00 ns
Output 'illegal_instr_o' is incorrect(   1  instead of 0    ), instruction: 010011011110 11111 000 11001 0010011  (     ADDI     ), time: 5534.00 ns
Output 'illegal_instr_o' is incorrect(   1  instead of 0    ), instruction: 011100010110 10111 100 10001 0010011  (     XORI     ), time: 5542.00 ns
Output 'illegal_instr_o' is incorrect(   1  instead of 0    ), instruction: 110010110001 11110 011 01111 0010011  (    SLTIU     ), time: 5546.00 ns
Output 'illegal_instr_o' is incorrect(   1  instead of 0    ), instruction: 100111001011 11010 110 00010 0010011  (     ORI      ), time: 5550.00 ns
Output 'illegal_instr_o' is incorrect(   1  instead of 0    ), instruction: 111111010100 00100 011 11111 0010011  (    SLTIU     ), time: 5554.00 ns
Output 'illegal_instr_o' is incorrect(   1  instead of 0    ), instruction: 000001110010 11110 111 10000 0010011  (     ANDI     ), time: 5558.00 ns
Output 'illegal_instr_o' is incorrect(   1  instead of 0    ), instruction: 010001011100 10100 011 10101 0010011  (    SLTIU     ), time: 5562.00 ns
Output 'illegal_instr_o' is incorrect(   1  instead of 0    ), instruction: 000100111110 01101 000 11000 0010011  (     ADDI     ), time: 5566.00 ns
Output 'illegal_instr_o' is incorrect(   1  instead of 0    ), instruction: 110000100111 11110 000 10111 0010011  (     ADDI     ), time: 5570.00 ns
Output 'illegal_instr_o' is incorrect(   1  instead of 0    ), instruction: 100000001001 01111 111 01110 0010011  (     ANDI     ), time: 5574.00 ns
Output 'illegal_instr_o' is incorrect(   1  instead of 0    ), instruction: 010010101101 11010 000 10001 0010011  (     ADDI     ), time: 5578.00 ns
Output 'illegal_instr_o' is incorrect(   1  instead of 0    ), instruction: 111111111011 01100 011 00111 0010011  (    SLTIU     ), time: 5582.00 ns
Output 'illegal_instr_o' is incorrect(   1  instead of 0    ), instruction: 010110001000 10100 000 01101 0010011  (     ADDI     ), time: 5586.00 ns
Output 'illegal_instr_o' is incorrect(   1  instead of 0    ), instruction: 000010100010 00110 110 11000 0010011  (     ORI      ), time: 5590.00 ns
Output 'illegal_instr_o' is incorrect(   1  instead of 0    ), instruction: 100101000101 11000 010 00010 0010011  (     SLTI     ), time: 5598.00 ns
Output 'illegal_instr_o' is incorrect(   1  instead of 0    ), instruction: 001100110010 11111 010 10100 0010011  (     SLTI     ), time: 5606.00 ns
Output 'illegal_instr_o' is incorrect(   1  instead of 0    ), instruction: 100111010011 00010 000 00110 0010011  (     ADDI     ), time: 5610.00 ns
Output 'illegal_instr_o' is incorrect(   1  instead of 0    ), instruction: 000110111110 01101 110 11100 0010011  (     ORI      ), time: 5614.00 ns
Output 'illegal_instr_o' is incorrect(   1  instead of 0    ), instruction: 010101101100 00100 110 00101 0010011  (     ORI      ), time: 5618.00 ns
Output 'illegal_instr_o' is incorrect(   1  instead of 0    ), instruction: 000001000100 00101 110 01000 0010011  (     ORI      ), time: 5630.00 ns
Output 'illegal_instr_o' is incorrect(   1  instead of 0    ), instruction: 110111111011 11001 000 10111 0010011  (     ADDI     ), time: 5634.00 ns
Output 'illegal_instr_o' is incorrect(   1  instead of 0    ), instruction: 010001110001 11011 000 01101 0010011  (     ADDI     ), time: 5650.00 ns
Output 'illegal_instr_o' is incorrect(   1  instead of 0    ), instruction: 101001100010 01010 011 00010 0010011  (    SLTIU     ), time: 5654.00 ns
Output 'illegal_instr_o' is incorrect(   1  instead of 0    ), instruction: 001000111101 11001 010 00100 0010011  (     SLTI     ), time: 5658.00 ns
Output 'illegal_instr_o' is incorrect(   1  instead of 0    ), instruction: 110101101000 01110 100 11111 0010011  (     XORI     ), time: 5662.00 ns
Output 'alu_op_o       ' is incorrect(11100 instead of 00010), instruction: 000000010011 10011 010 01000 0010011  (     SLTI     ), time: 5666.00 ns
Output 'gpr_we_a_o     ' is incorrect(   0  instead of 1    ), instruction: 000000010011 10011 010 01000 0010011  (     SLTI     ), time: 5666.00 ns
Output 'illegal_instr_o' is incorrect(   1  instead of 0    ), instruction: 110110100110 00001 110 01111 0010011  (     ORI      ), time: 5670.00 ns
Output 'illegal_instr_o' is incorrect(   1  instead of 0    ), instruction: 101111100101 10100 111 10010 0010011  (     ANDI     ), time: 5674.00 ns
Output 'illegal_instr_o' is incorrect(   1  instead of 0    ), instruction: 0100000 11011 10010 101 00001 0110011 (      SRA     ), time: 11822.00 ns
Output 'illegal_instr_o' is incorrect(   1  instead of 0    ), instruction: 100010011010 00111 000 01000 0010011  (     ADDI     ), time: 26582.00 ns
Output 'illegal_instr_o' is incorrect(   1  instead of 0    ), instruction: 110010011000 11011 100 01001 0010011  (     XORI     ), time: 26666.00 ns
Output 'illegal_instr_o' is incorrect(   1  instead of 0    ), instruction: 110010011011 10110 100 10001 0010011  (     XORI     ), time: 27250.00 ns
FAIL!
There are errors in the design, number of errors:         224
$finish called at time : 27280 ns : File "C:/Users/pwnies/Downloads/tb_decoder_riscv.sv" Line 241
