
*** Running vivado
    with args -log nexys_alu.vds -m64 -product Vivado -mode batch -messageDb vivado.pb -notrace -source nexys_alu.tcl


****** Vivado v2019.1 (64-bit)
  **** SW Build 2552052 on Fri May 24 14:49:42 MDT 2019
  **** IP Build 2548770 on Fri May 24 18:01:18 MDT 2019
    ** Copyright 1986-2019 Xilinx, Inc. All Rights Reserved.

source nexys_alu.tcl -notrace
create_project: Time (s): cpu = 00:00:06 ; elapsed = 00:00:07 . Memory (MB): peak = 354.078 ; gain = 59.805
Command: synth_design -top nexys_alu -part xc7a100tcsg324-1
Starting synth_design
Attempting to get a license for feature 'Synthesis' and/or device 'xc7a100t'
INFO: [Common 17-349] Got license for feature 'Synthesis' and/or device 'xc7a100t'
INFO: [Device 21-403] Loading part xc7a100tcsg324-1
INFO: Launching helper process for spawning children vivado processes
INFO: Helper process launched with PID 6280 
WARNING: [Synth 8-2490] overwriting previous definition of module alu_opcodes_pkg [C:/Users/pwnies/Downloads/alu_opcodes_pkg.sv:28]
WARNING: [Synth 8-6901] identifier 'line_dump' is used before its declaration [C:/Users/pwnies/Downloads/tb_miriscv_alu.sv:66]
---------------------------------------------------------------------------------
Starting RTL Elaboration : Time (s): cpu = 00:00:12 ; elapsed = 00:00:12 . Memory (MB): peak = 814.793 ; gain = 182.637
---------------------------------------------------------------------------------
INFO: [Synth 8-6157] synthesizing module 'nexys_alu' [C:/Users/pwnies/Downloads/nexys_alu.sv:4]
	Parameter pwm bound to: 1000 - type: integer 
INFO: [Synth 8-6157] synthesizing module 'alu_riscv' [C:/Users/pwnies/lab2/lab2.srcs/sources_1/new/alu_riscv.sv:1]
INFO: [Synth 8-6157] synthesizing module 'fulladder32' [C:/Users/pwnies/lab1/lab1.srcs/sources_1/new/fulladder32.sv:1]
INFO: [Synth 8-6157] synthesizing module 'quadadder' [C:/Users/pwnies/lab1/lab1.srcs/sources_1/new/quadadder.sv:1]
INFO: [Synth 8-6157] synthesizing module 'fulladder' [C:/Users/pwnies/lab1/lab1.srcs/sources_1/new/fulladder.sv:1]
INFO: [Synth 8-6155] done synthesizing module 'fulladder' (1#1) [C:/Users/pwnies/lab1/lab1.srcs/sources_1/new/fulladder.sv:1]
INFO: [Synth 8-6155] done synthesizing module 'quadadder' (2#1) [C:/Users/pwnies/lab1/lab1.srcs/sources_1/new/quadadder.sv:1]
INFO: [Synth 8-6155] done synthesizing module 'fulladder32' (3#1) [C:/Users/pwnies/lab1/lab1.srcs/sources_1/new/fulladder32.sv:1]
WARNING: [Synth 8-7023] instance 'sum' of module 'fulladder32' has 5 connections declared, but only 4 given [C:/Users/pwnies/lab2/lab2.srcs/sources_1/new/alu_riscv.sv:48]
WARNING: [Synth 8-7023] instance 'subtr' of module 'fulladder32' has 5 connections declared, but only 4 given [C:/Users/pwnies/lab2/lab2.srcs/sources_1/new/alu_riscv.sv:57]
INFO: [Synth 8-6155] done synthesizing module 'alu_riscv' (4#1) [C:/Users/pwnies/lab2/lab2.srcs/sources_1/new/alu_riscv.sv:1]
INFO: [Synth 8-155] case statement is not full and has no default [C:/Users/pwnies/Downloads/nexys_alu.sv:71]
INFO: [Synth 8-155] case statement is not full and has no default [C:/Users/pwnies/Downloads/nexys_alu.sv:82]
INFO: [Synth 8-6155] done synthesizing module 'nexys_alu' (5#1) [C:/Users/pwnies/Downloads/nexys_alu.sv:4]
---------------------------------------------------------------------------------
Finished RTL Elaboration : Time (s): cpu = 00:00:14 ; elapsed = 00:00:15 . Memory (MB): peak = 855.391 ; gain = 223.234
---------------------------------------------------------------------------------

Report Check Netlist: 
+------+------------------+-------+---------+-------+------------------+
|      |Item              |Errors |Warnings |Status |Description       |
+------+------------------+-------+---------+-------+------------------+
|1     |multi_driven_nets |      0|        0|Passed |Multi driven nets |
+------+------------------+-------+---------+-------+------------------+
---------------------------------------------------------------------------------
Start Handling Custom Attributes
---------------------------------------------------------------------------------
---------------------------------------------------------------------------------
Finished Handling Custom Attributes : Time (s): cpu = 00:00:15 ; elapsed = 00:00:16 . Memory (MB): peak = 855.391 ; gain = 223.234
---------------------------------------------------------------------------------
---------------------------------------------------------------------------------
Finished RTL Optimization Phase 1 : Time (s): cpu = 00:00:15 ; elapsed = 00:00:16 . Memory (MB): peak = 855.391 ; gain = 223.234
---------------------------------------------------------------------------------
INFO: [Project 1-570] Preparing netlist for logic optimization

Processing XDC Constraints
Initializing timing engine
Parsing XDC File [C:/Users/pwnies/Downloads/nexys_a7_100t.xdc]
Finished Parsing XDC File [C:/Users/pwnies/Downloads/nexys_a7_100t.xdc]
INFO: [Project 1-236] Implementation specific constraints were found while reading constraint file [C:/Users/pwnies/Downloads/nexys_a7_100t.xdc]. These constraints will be ignored for synthesis but will be used in implementation. Impacted constraints are listed in the file [.Xil/nexys_alu_propImpl.xdc].
Resolution: To avoid this warning, move constraints listed in [.Xil/nexys_alu_propImpl.xdc] to another XDC file and exclude this new file from synthesis with the used_in_synthesis property (File Properties dialog in GUI) and re-run elaboration/synthesis.
Completed Processing XDC Constraints

Netlist sorting complete. Time (s): cpu = 00:00:00 ; elapsed = 00:00:00.002 . Memory (MB): peak = 999.832 ; gain = 0.000
INFO: [Project 1-111] Unisim Transformation Summary:
No Unisim elements were transformed.

Constraint Validation Runtime : Time (s): cpu = 00:00:00 ; elapsed = 00:00:00.012 . Memory (MB): peak = 999.832 ; gain = 0.000
---------------------------------------------------------------------------------
Finished Constraint Validation : Time (s): cpu = 00:00:34 ; elapsed = 00:00:37 . Memory (MB): peak = 999.832 ; gain = 367.676
---------------------------------------------------------------------------------
---------------------------------------------------------------------------------
Start Loading Part and Timing Information
---------------------------------------------------------------------------------
Loading part: xc7a100tcsg324-1
---------------------------------------------------------------------------------
Finished Loading Part and Timing Information : Time (s): cpu = 00:00:34 ; elapsed = 00:00:37 . Memory (MB): peak = 999.832 ; gain = 367.676
---------------------------------------------------------------------------------
---------------------------------------------------------------------------------
Start Applying 'set_property' XDC Constraints
---------------------------------------------------------------------------------
---------------------------------------------------------------------------------
Finished applying 'set_property' XDC Constraints : Time (s): cpu = 00:00:35 ; elapsed = 00:00:37 . Memory (MB): peak = 999.832 ; gain = 367.676
---------------------------------------------------------------------------------
---------------------------------------------------------------------------------
Finished RTL Optimization Phase 2 : Time (s): cpu = 00:00:36 ; elapsed = 00:00:38 . Memory (MB): peak = 999.832 ; gain = 367.676
---------------------------------------------------------------------------------

Report RTL Partitions: 
+-+--------------+------------+----------+
| |RTL Partition |Replication |Instances |
+-+--------------+------------+----------+
+-+--------------+------------+----------+
---------------------------------------------------------------------------------
Start RTL Component Statistics 
---------------------------------------------------------------------------------
Detailed RTL Component Info : 
+---Adders : 
	   2 Input     10 Bit       Adders := 1     
+---XORs : 
	   2 Input     32 Bit         XORs := 1     
	   3 Input      1 Bit         XORs := 64    
+---Registers : 
	               16 Bit    Registers := 1     
	               10 Bit    Registers := 1     
	                8 Bit    Registers := 1     
	                4 Bit    Registers := 1     
	                1 Bit    Registers := 8     
+---Muxes : 
	   2 Input     32 Bit        Muxes := 1     
	   2 Input      7 Bit        Muxes := 14    
	   2 Input      4 Bit        Muxes := 8     
	   2 Input      1 Bit        Muxes := 2     
	   9 Input      1 Bit        Muxes := 1     
	  11 Input      1 Bit        Muxes := 8     
---------------------------------------------------------------------------------
Finished RTL Component Statistics 
---------------------------------------------------------------------------------
---------------------------------------------------------------------------------
Start RTL Hierarchical Component Statistics 
---------------------------------------------------------------------------------
Hierarchical RTL Component report 
Module nexys_alu 
Detailed RTL Component Info : 
+---Adders : 
	   2 Input     10 Bit       Adders := 1     
+---Registers : 
	               16 Bit    Registers := 1     
	               10 Bit    Registers := 1     
	                8 Bit    Registers := 1     
	                4 Bit    Registers := 1     
	                1 Bit    Registers := 8     
+---Muxes : 
	   2 Input      7 Bit        Muxes := 14    
	   2 Input      4 Bit        Muxes := 8     
	   2 Input      1 Bit        Muxes := 1     
	   9 Input      1 Bit        Muxes := 1     
	  11 Input      1 Bit        Muxes := 8     
Module fulladder 
Detailed RTL Component Info : 
+---XORs : 
	   3 Input      1 Bit         XORs := 1     
Module alu_riscv 
Detailed RTL Component Info : 
+---XORs : 
	   2 Input     32 Bit         XORs := 1     
+---Muxes : 
	   2 Input     32 Bit        Muxes := 1     
	   2 Input      1 Bit        Muxes := 1     
---------------------------------------------------------------------------------
Finished RTL Hierarchical Component Statistics
---------------------------------------------------------------------------------
---------------------------------------------------------------------------------
Start Part Resource Summary
---------------------------------------------------------------------------------
Part Resources:
DSPs: 240 (col length:80)
BRAMs: 270 (col length: RAMB18 80 RAMB36 40)
---------------------------------------------------------------------------------
Finished Part Resource Summary
---------------------------------------------------------------------------------
---------------------------------------------------------------------------------
Start Cross Boundary and Area Optimization
---------------------------------------------------------------------------------
Warning: Parallel synthesis criteria is not met 
---------------------------------------------------------------------------------
Finished Cross Boundary and Area Optimization : Time (s): cpu = 00:01:27 ; elapsed = 00:01:30 . Memory (MB): peak = 1017.395 ; gain = 385.238
---------------------------------------------------------------------------------

Report RTL Partitions: 
+-+--------------+------------+----------+
| |RTL Partition |Replication |Instances |
+-+--------------+------------+----------+
+-+--------------+------------+----------+
---------------------------------------------------------------------------------
Start Applying XDC Timing Constraints
---------------------------------------------------------------------------------
---------------------------------------------------------------------------------
Finished Applying XDC Timing Constraints : Time (s): cpu = 00:01:53 ; elapsed = 00:01:56 . Memory (MB): peak = 1017.395 ; gain = 385.238
---------------------------------------------------------------------------------
---------------------------------------------------------------------------------
Start Timing Optimization
---------------------------------------------------------------------------------
---------------------------------------------------------------------------------
Finished Timing Optimization : Time (s): cpu = 00:03:36 ; elapsed = 00:03:40 . Memory (MB): peak = 1391.906 ; gain = 759.750
---------------------------------------------------------------------------------

Report RTL Partitions: 
+-+--------------+------------+----------+
| |RTL Partition |Replication |Instances |
+-+--------------+------------+----------+
+-+--------------+------------+----------+
---------------------------------------------------------------------------------
Start Technology Mapping
---------------------------------------------------------------------------------
---------------------------------------------------------------------------------
Finished Technology Mapping : Time (s): cpu = 00:03:43 ; elapsed = 00:03:47 . Memory (MB): peak = 1415.145 ; gain = 782.988
---------------------------------------------------------------------------------

Report RTL Partitions: 
+-+--------------+------------+----------+
| |RTL Partition |Replication |Instances |
+-+--------------+------------+----------+
+-+--------------+------------+----------+
---------------------------------------------------------------------------------
Start IO Insertion
---------------------------------------------------------------------------------
---------------------------------------------------------------------------------
Start Flattening Before IO Insertion
---------------------------------------------------------------------------------
---------------------------------------------------------------------------------
Finished Flattening Before IO Insertion
---------------------------------------------------------------------------------
---------------------------------------------------------------------------------
Start Final Netlist Cleanup
---------------------------------------------------------------------------------
---------------------------------------------------------------------------------
Finished Final Netlist Cleanup
---------------------------------------------------------------------------------
---------------------------------------------------------------------------------
Finished IO Insertion : Time (s): cpu = 00:03:50 ; elapsed = 00:03:53 . Memory (MB): peak = 1419.926 ; gain = 787.770
---------------------------------------------------------------------------------

Report Check Netlist: 
+------+------------------+-------+---------+-------+------------------+
|      |Item              |Errors |Warnings |Status |Description       |
+------+------------------+-------+---------+-------+------------------+
|1     |multi_driven_nets |      0|        0|Passed |Multi driven nets |
+------+------------------+-------+---------+-------+------------------+
---------------------------------------------------------------------------------
Start Renaming Generated Instances
---------------------------------------------------------------------------------
---------------------------------------------------------------------------------
Finished Renaming Generated Instances : Time (s): cpu = 00:03:50 ; elapsed = 00:03:54 . Memory (MB): peak = 1419.926 ; gain = 787.770
---------------------------------------------------------------------------------

Report RTL Partitions: 
+-+--------------+------------+----------+
| |RTL Partition |Replication |Instances |
+-+--------------+------------+----------+
+-+--------------+------------+----------+
---------------------------------------------------------------------------------
Start Rebuilding User Hierarchy
---------------------------------------------------------------------------------
---------------------------------------------------------------------------------
Finished Rebuilding User Hierarchy : Time (s): cpu = 00:03:51 ; elapsed = 00:03:54 . Memory (MB): peak = 1419.926 ; gain = 787.770
---------------------------------------------------------------------------------
---------------------------------------------------------------------------------
Start Renaming Generated Ports
---------------------------------------------------------------------------------
---------------------------------------------------------------------------------
Finished Renaming Generated Ports : Time (s): cpu = 00:03:51 ; elapsed = 00:03:54 . Memory (MB): peak = 1419.926 ; gain = 787.770
---------------------------------------------------------------------------------
---------------------------------------------------------------------------------
Start Handling Custom Attributes
---------------------------------------------------------------------------------
---------------------------------------------------------------------------------
Finished Handling Custom Attributes : Time (s): cpu = 00:03:51 ; elapsed = 00:03:55 . Memory (MB): peak = 1419.926 ; gain = 787.770
---------------------------------------------------------------------------------
---------------------------------------------------------------------------------
Start Renaming Generated Nets
---------------------------------------------------------------------------------
---------------------------------------------------------------------------------
Finished Renaming Generated Nets : Time (s): cpu = 00:03:51 ; elapsed = 00:03:55 . Memory (MB): peak = 1419.926 ; gain = 787.770
---------------------------------------------------------------------------------
---------------------------------------------------------------------------------
Start Writing Synthesis Report
---------------------------------------------------------------------------------

Report BlackBoxes: 
+-+--------------+----------+
| |BlackBox name |Instances |
+-+--------------+----------+
+-+--------------+----------+

Report Cell Usage: 
+------+-------+------+
|      |Cell   |Count |
+------+-------+------+
|1     |BUFG   |     1|
|2     |CARRY4 |  1326|
|3     |LUT1   |   170|
|4     |LUT2   |  1215|
|5     |LUT3   |  1637|
|6     |LUT4   |  1292|
|7     |LUT5   |  1147|
|8     |LUT6   |  2497|
|9     |MUXF7  |    25|
|10    |FDRE   |    31|
|11    |FDSE   |    15|
|12    |IBUF   |    18|
|13    |OBUF   |    31|
+------+-------+------+

Report Instance Areas: 
+------+---------+-------+------+
|      |Instance |Module |Cells |
+------+---------+-------+------+
|1     |top      |       |  9405|
+------+---------+-------+------+
---------------------------------------------------------------------------------
Finished Writing Synthesis Report : Time (s): cpu = 00:03:51 ; elapsed = 00:03:55 . Memory (MB): peak = 1419.926 ; gain = 787.770
---------------------------------------------------------------------------------
Synthesis finished with 0 errors, 0 critical warnings and 0 warnings.
Synthesis Optimization Runtime : Time (s): cpu = 00:03:28 ; elapsed = 00:03:46 . Memory (MB): peak = 1419.926 ; gain = 643.328
Synthesis Optimization Complete : Time (s): cpu = 00:03:51 ; elapsed = 00:03:55 . Memory (MB): peak = 1419.926 ; gain = 787.770
INFO: [Project 1-571] Translating synthesized netlist
INFO: [Netlist 29-17] Analyzing 1351 Unisim elements for replacement
INFO: [Netlist 29-28] Unisim Transformation completed in 0 CPU seconds
WARNING: [Netlist 29-101] Netlist 'nexys_alu' is not ideal for floorplanning, since the cellview 'nexys_alu' contains a large number of primitives.  Please consider enabling hierarchy in synthesis if you want to do floorplanning.
INFO: [Project 1-570] Preparing netlist for logic optimization
INFO: [Opt 31-138] Pushed 0 inverter(s) to 0 load pin(s).
Netlist sorting complete. Time (s): cpu = 00:00:00 ; elapsed = 00:00:00.005 . Memory (MB): peak = 1436.062 ; gain = 0.000
INFO: [Project 1-111] Unisim Transformation Summary:
No Unisim elements were transformed.

INFO: [Common 17-83] Releasing license: Synthesis
24 Infos, 5 Warnings, 0 Critical Warnings and 0 Errors encountered.
synth_design completed successfully
synth_design: Time (s): cpu = 00:04:15 ; elapsed = 00:04:22 . Memory (MB): peak = 1436.062 ; gain = 1081.984
Netlist sorting complete. Time (s): cpu = 00:00:00 ; elapsed = 00:00:00.005 . Memory (MB): peak = 1436.062 ; gain = 0.000
WARNING: [Constraints 18-5210] No constraints selected for write.
Resolution: This message can indicate that there are no constraints for the design, or it can indicate that the used_in flags are set such that the constraints are ignored. This later case is used when running synth_design to not write synthesis constraints to the resulting checkpoint. Instead, project constraints are read when the synthesized design is opened.
INFO: [Common 17-1381] The checkpoint 'C:/Users/pwnies/lab2/lab2.runs/synth_1/nexys_alu.dcp' has been generated.
INFO: [runtcl-4] Executing : report_utilization -file nexys_alu_utilization_synth.rpt -pb nexys_alu_utilization_synth.pb
INFO: [Common 17-206] Exiting Vivado at Mon Sep 18 10:25:14 2023...
