Vivado Simulator 2019.1
Copyright 1986-1999, 2001-2019 Xilinx, Inc. All Rights Reserved.
Running: C:/Xilinx/Vivado/2019.1/bin/unwrapped/win64.o/xelab.exe -wto c022d917f0ba4c95967fb4d08dc147a0 --incr --debug typical --relax --mt 2 -L xil_defaultlib -L unisims_ver -L unimacro_ver -L secureip --snapshot tb_miriscv_alu_behav xil_defaultlib.tb_miriscv_alu xil_defaultlib.glbl -log elaborate.log 
Using 2 slave threads.
Starting static elaboration
WARNING: [VRFC 10-3091] actual bit length 32 differs from formal bit length 1 for port 'carry_i' [C:/Users/pwnies/lab2/lab2.srcs/sources_1/new/alu_riscv.sv:52]
Completed static elaboration
Starting simulation data flow analysis
WARNING: [XSIM 43-4100] "C:/Users/pwnies/Downloads/tb_miriscv_alu.sv" Line 22. Module tb_miriscv_alu has a timescale but at least one module in design doesn't have timescale.
WARNING: [XSIM 43-4100] "C:/Users/pwnies/lab2/lab2.sim/sim_1/behav/xsim/glbl.v" Line 6. Module glbl has a timescale but at least one module in design doesn't have timescale.
Completed simulation data flow analysis
Time Resolution for simulation is 1ps
Compiling package xil_defaultlib.alu_opcodes_pkg
Compiling module xil_defaultlib.fulladder
Compiling module xil_defaultlib.quadadder
Compiling module xil_defaultlib.fulladder32
Compiling module xil_defaultlib.alu_riscv
Compiling module xil_defaultlib.tb_miriscv_alu
Compiling module xil_defaultlib.glbl
Built simulation snapshot tb_miriscv_alu_behav
